build/intermediates/manifest_merge_blame_file/debug/manifest-merger-blame-debug-report.txt
1<?xml version="1.0" encoding="utf-8"?>
2<manifest xmlns:android="http://schemas.android.com/apk/res/android"
3    package="kz.talipovsn.maps"
4    android:versionCode="2"
5    android:versionName="2.0" >
6
7    <uses-sdk
8        android:minSdkVersion="19"
8-->src\main\AndroidManifest.xml
9        android:targetSdkVersion="33" />
9-->src\main\AndroidManifest.xml
10
11    <!--
12      Разрешения:
13      * GPS ("android.permission.ACCESS_FINE_LOCATION")
14      * Выход в интернет ("android.permission.INTERNET")
15    -->
16    <uses-permission android:name="android.permission.ACCESS_FINE_LOCATION" />
16-->src\main\AndroidManifest.xml:10:5-11:45
16-->src\main\AndroidManifest.xml:10:22-76
17    <uses-permission android:name="android.permission.INTERNET" />
17-->src\main\AndroidManifest.xml:12:5-66
17-->src\main\AndroidManifest.xml:12:22-64
18
19    <!-- Нужна поддержка OpenGL ES версии 2.0 или выше -->
20    <uses-feature
20-->src\main\AndroidManifest.xml:15:5-17:34
21        android:glEsVersion="0x00020000"
21-->src\main\AndroidManifest.xml:16:9-41
22        android:required="true" />
22-->src\main\AndroidManifest.xml:17:9-32
23
24    <!-- Include required permissions for Google Maps API to run. -->
25    <uses-permission android:name="android.permission.ACCESS_NETWORK_STATE" />
25-->[com.google.android.gms:play-services-maps:18.1.0] AndroidManifest.xml:23:5-79
25-->[com.google.android.gms:play-services-maps:18.1.0] AndroidManifest.xml:23:22-76
26
27    <queries>
27-->[com.google.android.gms:play-services-maps:18.1.0] AndroidManifest.xml:30:5-34:15
28
29        <!-- Needs to be explicitly declared on Android R+ -->
30        <package android:name="com.google.android.apps.maps" />
30-->[com.google.android.gms:play-services-maps:18.1.0] AndroidManifest.xml:33:9-64
30-->[com.google.android.gms:play-services-maps:18.1.0] AndroidManifest.xml:33:18-61
31    </queries>
32
33    <application
33-->src\main\AndroidManifest.xml:19:5-52:19
34        android:allowBackup="true"
34-->src\main\AndroidManifest.xml:22:9-35
35        android:appComponentFactory="androidx.core.app.CoreComponentFactory"
35-->[androidx.core:core:1.8.0] AndroidManifest.xml:24:18-86
36        android:debuggable="true"
37        android:icon="@mipmap/ic_launcher"
37-->src\main\AndroidManifest.xml:20:9-43
38        android:label="@string/app_name"
38-->src\main\AndroidManifest.xml:21:9-41
39        android:supportsRtl="true"
39-->src\main\AndroidManifest.xml:23:9-35
40        android:testOnly="true"
41        android:theme="@style/AppTheme"
41-->src\main\AndroidManifest.xml:24:9-40
42        android:usesCleartextTraffic="true" >
42-->src\main\AndroidManifest.xml:25:9-44
43        <uses-library
43-->src\main\AndroidManifest.xml:28:9-88
44            android:name="org.apache.http.legacy"
44-->src\main\AndroidManifest.xml:28:23-60
45            android:required="false" />
45-->src\main\AndroidManifest.xml:28:61-85
46
47        <!-- API-ключ Google для доступа к картам -->
48        <meta-data
48-->src\main\AndroidManifest.xml:31:9-33:70
49            android:name="com.google.android.geo.API_KEY"
49-->src\main\AndroidManifest.xml:32:13-58
50            android:value="AIzaSyCSvZjjCOV35RkXuQtrjKzGHnB4ziqY5c4" />
50-->src\main\AndroidManifest.xml:33:13-68
51
52        <!-- Основное окно -->
53        <activity
53-->src\main\AndroidManifest.xml:36:9-44:21
54            android:name="kz.talipovsn.map.MapsActivity"
54-->src\main\AndroidManifest.xml:37:13-41
55            android:exported="true"
55-->src\main\AndroidManifest.xml:39:13-36
56            android:label="@string/title_activity_maps" >
56-->src\main\AndroidManifest.xml:38:13-56
57            <intent-filter>
57-->src\main\AndroidManifest.xml:40:13-43:29
58                <action android:name="android.intent.action.MAIN" />
58-->src\main\AndroidManifest.xml:41:17-68
58-->src\main\AndroidManifest.xml:41:25-66
59
60                <category android:name="android.intent.category.LAUNCHER" />
60-->src\main\AndroidManifest.xml:42:17-76
60-->src\main\AndroidManifest.xml:42:27-74
61            </intent-filter>
62        </activity>
63
64        <!-- Окно "Подробно" -->
65        <activity
65-->src\main\AndroidManifest.xml:47:9-50:20
66            android:name="kz.talipovsn.map.DetailActivity"
66-->src\main\AndroidManifest.xml:48:13-43
67            android:label="@string/title_activity_detail" >
67-->src\main\AndroidManifest.xml:49:13-58
68        </activity>
69        <activity
69-->[com.google.android.gms:play-services-base:18.0.1] AndroidManifest.xml:20:9-22:45
70            android:name="com.google.android.gms.common.api.GoogleApiActivity"
70-->[com.google.android.gms:play-services-base:18.0.1] AndroidManifest.xml:20:19-85
71            android:exported="false"
71-->[com.google.android.gms:play-services-base:18.0.1] AndroidManifest.xml:22:19-43
72            android:theme="@android:style/Theme.Translucent.NoTitleBar" />
72-->[com.google.android.gms:play-services-base:18.0.1] AndroidManifest.xml:21:19-78
73
74        <meta-data
74-->[com.google.android.gms:play-services-basement:18.0.0] AndroidManifest.xml:21:9-23:69
75            android:name="com.google.android.gms.version"
75-->[com.google.android.gms:play-services-basement:18.0.0] AndroidManifest.xml:22:13-58
76            android:value="@integer/google_play_services_version" />
76-->[com.google.android.gms:play-services-basement:18.0.0] AndroidManifest.xml:23:13-66
77
78        <provider
78-->[androidx.emoji2:emoji2:1.2.0] AndroidManifest.xml:24:9-32:20
79            android:name="androidx.startup.InitializationProvider"
79-->[androidx.emoji2:emoji2:1.2.0] AndroidManifest.xml:25:13-67
80            android:authorities="kz.talipovsn.maps.androidx-startup"
80-->[androidx.emoji2:emoji2:1.2.0] AndroidManifest.xml:26:13-68
81            android:exported="false" >
81-->[androidx.emoji2:emoji2:1.2.0] AndroidManifest.xml:27:13-37
82            <meta-data
82-->[androidx.emoji2:emoji2:1.2.0] AndroidManifest.xml:29:13-31:52
83                android:name="androidx.emoji2.text.EmojiCompatInitializer"
83-->[androidx.emoji2:emoji2:1.2.0] AndroidManifest.xml:30:17-75
84                android:value="androidx.startup" />
84-->[androidx.emoji2:emoji2:1.2.0] AndroidManifest.xml:31:17-49
85            <meta-data
85-->[androidx.lifecycle:lifecycle-process:2.4.1] AndroidManifest.xml:31:13-33:52
86                android:name="androidx.lifecycle.ProcessLifecycleInitializer"
86-->[androidx.lifecycle:lifecycle-process:2.4.1] AndroidManifest.xml:32:17-78
87                android:value="androidx.startup" />
87-->[androidx.lifecycle:lifecycle-process:2.4.1] AndroidManifest.xml:33:17-49
88        </provider>
89    </application>
90
91</manifest>